<?xml version="1.0" encoding="UTF-8"?>
<testng-results skipped="0" failed="0" total="0" passed="0">
  <reporter-output>
  </reporter-output>
  <suite name="com.globant.training.AppTest" duration-ms="4" started-at="2016-05-26T14:30:16Z" finished-at="2016-05-26T14:30:16Z">
    <groups>
    </groups>
    <test name="Command line test" duration-ms="4" started-at="2016-05-26T14:30:16Z" finished-at="2016-05-26T14:30:16Z">
    </test> <!-- Command line test -->
  </suite> <!-- com.globant.training.AppTest -->
</testng-results>
